[ 2015-09-08T10:48:16+08:00 ] 127.0.0.1 /social/index.php/User/test
ERR: SQLSTATE[42000]: Syntax error or access violation: 1064 You have an error in your SQL syntax; check the manual that corresponds to your MySQL server version for the right syntax to use near '"social_test" where name like "sdf%" UNION ALL select name from "social_test2" w' at line 1

[ 2015-09-08T10:49:05+08:00 ] 127.0.0.1 /social/index.php/User/test
ERR: SQLSTATE[21000]: Cardinality violation: 1222 The used SELECT statements have a different number of columns

[ 2015-09-08T10:49:20+08:00 ] 127.0.0.1 /social/index.php/User/test
ERR: SQLSTATE[21000]: Cardinality violation: 1222 The used SELECT statements have a different number of columns

[ 2015-09-08T10:49:22+08:00 ] 127.0.0.1 /social/index.php/User/test
ERR: SQLSTATE[21000]: Cardinality violation: 1222 The used SELECT statements have a different number of columns

[ 2015-09-08T10:50:16+08:00 ] 127.0.0.1 /social/index.php/User/test
ERR: SQLSTATE[21000]: Cardinality violation: 1222 The used SELECT statements have a different number of columns

[ 2015-09-08T10:50:26+08:00 ] 127.0.0.1 /social/index.php/User/test
ERR: SQLSTATE[21000]: Cardinality violation: 1222 The used SELECT statements have a different number of columns

[ 2015-09-08T10:54:29+08:00 ] 127.0.0.1 /social/index.php/User/test
ERR: SQLSTATE[42000]: Syntax error or access violation: 1064 You have an error in your SQL syntax; check the manual that corresponds to your MySQL server version for the right syntax to use near '"social_test" where name like "sdf%"' at line 1

[ 2015-09-08T10:54:42+08:00 ] 127.0.0.1 /social/index.php/User/test
ERR: SQLSTATE[42000]: Syntax error or access violation: 1064 You have an error in your SQL syntax; check the manual that corresponds to your MySQL server version for the right syntax to use near '"social_test1" where name like "sdf%"' at line 1

[ 2015-09-08T10:55:00+08:00 ] 127.0.0.1 /social/index.php/User/test
ERR: SQLSTATE[42000]: Syntax error or access violation: 1064 You have an error in your SQL syntax; check the manual that corresponds to your MySQL server version for the right syntax to use near '%' at line 1

[ 2015-09-08T10:55:16+08:00 ] 127.0.0.1 /social/index.php/User/test
ERR: SQLSTATE[42S02]: Base table or view not found: 1146 Table 'social.social_test1' doesn't exist

[ 2015-09-08T10:55:43+08:00 ] 127.0.0.1 /social/index.php/User/test
ERR: SQLSTATE[42S02]: Base table or view not found: 1146 Table 'social.social_test1' doesn't exist

[ 2015-09-08T10:59:13+08:00 ] 127.0.0.1 /social/index.php/User/test
ERR: SQLSTATE[42S02]: Base table or view not found: 1146 Table 'social.social_' doesn't exist

[ 2015-09-08T10:59:30+08:00 ] 127.0.0.1 /social/index.php/User/test
ERR: SQLSTATE[42S02]: Base table or view not found: 1146 Table 'social.social_' doesn't exist

[ 2015-09-08T11:07:49+08:00 ] 127.0.0.1 /social/index.php/User/test
ERR: SQLSTATE[21000]: Cardinality violation: 1222 The used SELECT statements have a different number of columns

[ 2015-09-08T11:08:24+08:00 ] 127.0.0.1 /social/index.php/User/test
ERR: SQLSTATE[21000]: Cardinality violation: 1222 The used SELECT statements have a different number of columns

[ 2015-09-08T11:09:39+08:00 ] 127.0.0.1 /social/index.php/User/test
ERR: SQLSTATE[21000]: Cardinality violation: 1222 The used SELECT statements have a different number of columns

[ 2015-09-08T11:10:11+08:00 ] 127.0.0.1 /social/index.php/User/test
ERR: SQLSTATE[21000]: Cardinality violation: 1222 The used SELECT statements have a different number of columns

[ 2015-09-08T11:10:43+08:00 ] 127.0.0.1 /social/index.php/User/test
ERR: SQLSTATE[21000]: Cardinality violation: 1222 The used SELECT statements have a different number of columns

[ 2015-09-08T11:10:56+08:00 ] 127.0.0.1 /social/index.php/User/test
ERR: SQLSTATE[21000]: Cardinality violation: 1222 The used SELECT statements have a different number of columns

[ 2015-09-08T11:10:58+08:00 ] 127.0.0.1 /social/index.php/User/test
ERR: SQLSTATE[21000]: Cardinality violation: 1222 The used SELECT statements have a different number of columns

[ 2015-09-08T11:11:42+08:00 ] 127.0.0.1 /social/index.php/User/test
ERR: SQLSTATE[21000]: Cardinality violation: 1222 The used SELECT statements have a different number of columns

[ 2015-09-08T11:18:46+08:00 ] 127.0.0.1 /social/index.php/User/test
ERR: SQLSTATE[42000]: Syntax error or access violation: 1064 You have an error in your SQL syntax; check the manual that corresponds to your MySQL server version for the right syntax to use near 'pwd) AS tp_count FROM `social_test` WHERE `name` LIKE 'sdf%'' at line 1

[ 2015-09-08T11:20:15+08:00 ] 127.0.0.1 /social/index.php/User/test
ERR: SQLSTATE[21000]: Cardinality violation: 1222 The used SELECT statements have a different number of columns

[ 2015-09-08T11:20:20+08:00 ] 127.0.0.1 /social/index.php/User/test
ERR: SQLSTATE[21000]: Cardinality violation: 1222 The used SELECT statements have a different number of columns

[ 2015-09-08T11:21:39+08:00 ] 127.0.0.1 /social/index.php/User/test
ERR: SQLSTATE[21000]: Cardinality violation: 1222 The used SELECT statements have a different number of columns

[ 2015-09-08T11:21:57+08:00 ] 127.0.0.1 /social/index.php/User/test
ERR: SQLSTATE[21000]: Cardinality violation: 1222 The used SELECT statements have a different number of columns

[ 2015-09-08T11:21:59+08:00 ] 127.0.0.1 /social/index.php/User/test
ERR: SQLSTATE[21000]: Cardinality violation: 1222 The used SELECT statements have a different number of columns

[ 2015-09-08T11:22:31+08:00 ] 127.0.0.1 /social/index.php/User/test
ERR: SQLSTATE[21000]: Cardinality violation: 1222 The used SELECT statements have a different number of columns

[ 2015-09-08T11:22:33+08:00 ] 127.0.0.1 /social/index.php/User/test
ERR: SQLSTATE[21000]: Cardinality violation: 1222 The used SELECT statements have a different number of columns

[ 2015-09-08T11:22:53+08:00 ] 127.0.0.1 /social/index.php/User/test
ERR: SQLSTATE[21000]: Cardinality violation: 1222 The used SELECT statements have a different number of columns

[ 2015-09-08T11:28:43+08:00 ] 127.0.0.1 /social/index.php/User/test
ERR: SQLSTATE[42S22]: Column not found: 1054 Unknown column 'email' in 'field list'

[ 2015-09-08T11:28:55+08:00 ] 127.0.0.1 /social/index.php/User/test
ERR: SQLSTATE[21000]: Cardinality violation: 1222 The used SELECT statements have a different number of columns

[ 2015-09-08T11:32:20+08:00 ] 127.0.0.1 /social/index.php/User/test
ERR: SQLSTATE[21000]: Cardinality violation: 1222 The used SELECT statements have a different number of columns

[ 2015-09-08T11:51:58+08:00 ] 127.0.0.1 /social/index.php/User/test
ERR: SQLSTATE[42000]: Syntax error or access violation: 1064 You have an error in your SQL syntax; check the manual that corresponds to your MySQL server version for the right syntax to use near '"social_test" where name like "sdf%"','select nick,name,pwd,gpwd,mail,card,phone' at line 1

[ 2015-09-08T11:52:37+08:00 ] 127.0.0.1 /social/index.php/User/test
ERR: SQLSTATE[42000]: Syntax error or access violation: 1064 You have an error in your SQL syntax; check the manual that corresponds to your MySQL server version for the right syntax to use near '"social_test" where name like "sdf%"','select nick,name,pwd,gpwd,mail,card,phone' at line 1

[ 2015-09-08T11:52:39+08:00 ] 127.0.0.1 /social/index.php/User/test
ERR: SQLSTATE[42000]: Syntax error or access violation: 1064 You have an error in your SQL syntax; check the manual that corresponds to your MySQL server version for the right syntax to use near '"social_test" where name like "sdf%"','select nick,name,pwd,gpwd,mail,card,phone' at line 1

[ 2015-09-08T11:53:48+08:00 ] 127.0.0.1 /social/index.php/User/test
ERR: SQLSTATE[42000]: Syntax error or access violation: 1064 You have an error in your SQL syntax; check the manual that corresponds to your MySQL server version for the right syntax to use near '"social_test2" where name like "sdf%"' at line 1

[ 2015-09-08T11:54:08+08:00 ] 127.0.0.1 /social/index.php/User/test
ERR: SQLSTATE[42000]: Syntax error or access violation: 1064 You have an error in your SQL syntax; check the manual that corresponds to your MySQL server version for the right syntax to use near '"social_test2" where name like "sdf%"' at line 1

[ 2015-09-08T11:54:09+08:00 ] 127.0.0.1 /social/index.php/User/test
ERR: SQLSTATE[42000]: Syntax error or access violation: 1064 You have an error in your SQL syntax; check the manual that corresponds to your MySQL server version for the right syntax to use near '"social_test2" where name like "sdf%"' at line 1

[ 2015-09-08T11:54:23+08:00 ] 127.0.0.1 /social/index.php/User/test
ERR: SQLSTATE[42000]: Syntax error or access violation: 1064 You have an error in your SQL syntax; check the manual that corresponds to your MySQL server version for the right syntax to use near ''select nick,name,pwd,gpwd,mail,card,phone,ip,address,site,salt from "social_tes' at line 1

[ 2015-09-08T11:54:48+08:00 ] 127.0.0.1 /social/index.php/User/test
ERR: SQLSTATE[42000]: Syntax error or access violation: 1064 You have an error in your SQL syntax; check the manual that corresponds to your MySQL server version for the right syntax to use near ''.select nick,name,pwd,gpwd,mail,card,phone,ip,address,site,salt from "social_te' at line 1

[ 2015-09-08T11:58:21+08:00 ] 127.0.0.1 /social/index.php/User/test
ERR: SQLSTATE[42000]: Syntax error or access violation: 1064 You have an error in your SQL syntax; check the manual that corresponds to your MySQL server version for the right syntax to use near '"social_test2" where name like "sdf%"' at line 1

[ 2015-09-08T12:02:21+08:00 ] 127.0.0.1 /social/index.php/User/test
ERR: SQLSTATE[42000]: Syntax error or access violation: 1064 You have an error in your SQL syntax; check the manual that corresponds to your MySQL server version for the right syntax to use near '"social_test2" where name like "sdf%"' at line 1

[ 2015-09-08T12:03:06+08:00 ] 127.0.0.1 /social/index.php/User/test
ERR: SQLSTATE[42000]: Syntax error or access violation: 1064 You have an error in your SQL syntax; check the manual that corresponds to your MySQL server version for the right syntax to use near ''social_test2' where name like 'sdf%'' at line 1

[ 2015-09-08T12:59:09+08:00 ] 127.0.0.1 /social/index.php/User/test
ERR: SQLSTATE[42000]: Syntax error or access violation: 1064 You have an error in your SQL syntax; check the manual that corresponds to your MySQL server version for the right syntax to use near '%' at line 1

[ 2015-09-08T12:59:24+08:00 ] 127.0.0.1 /social/index.php/User/test
ERR: SQLSTATE[42S22]: Column not found: 1054 Unknown column 'salt' in 'field list'

[ 2015-09-08T12:59:44+08:00 ] 127.0.0.1 /social/index.php/User/test
ERR: SQLSTATE[42S22]: Column not found: 1054 Unknown column 'salt' in 'field list'

[ 2015-09-08T12:59:52+08:00 ] 127.0.0.1 /social/index.php/User/test
ERR: SQLSTATE[42S22]: Column not found: 1054 Unknown column 'salt' in 'field list'

[ 2015-09-08T12:59:54+08:00 ] 127.0.0.1 /social/index.php/User/test
ERR: SQLSTATE[42S22]: Column not found: 1054 Unknown column 'salt' in 'field list'

[ 2015-09-08T13:00:21+08:00 ] 127.0.0.1 /social/index.php/User/test
ERR: SQLSTATE[42S22]: Column not found: 1054 Unknown column 'salt' in 'field list'

[ 2015-09-08T13:02:10+08:00 ] 127.0.0.1 /social/index.php/User/test
ERR: SQLSTATE[42S22]: Column not found: 1054 Unknown column 'salt' in 'field list'

[ 2015-09-08T14:45:48+08:00 ] 127.0.0.1 /social/index.php/index/index.html
INFO: [ app_init ] --START--
INFO: Run Behavior\BuildLiteBehavior [ RunTime:0.000018s ]
INFO: [ app_init ] --END-- [ RunTime:0.000273s ]
INFO: [ app_begin ] --START--
INFO: Run Behavior\ReadHtmlCacheBehavior [ RunTime:0.000300s ]
INFO: [ app_begin ] --END-- [ RunTime:0.000378s ]
NOTIC: [2048] Declaration of Home\Model\UserModel::add() should be compatible with that of Think\Model::add() D:\wamp\www\Social\Social\Home\Model\UserModel.class.php 第 4 行.
NOTIC: [2048] Declaration of Home\Model\UserModel::check() should be compatible with that of Think\Model::check() D:\wamp\www\Social\Social\Home\Model\UserModel.class.php 第 4 行.
SQL: SHOW COLUMNS FROM `social_user` [ RunTime:0.0014s ]
SQL: SHOW COLUMNS FROM `social_user` [ RunTime:0.0014s ]
SQL: SELECT * FROM `social_user` WHERE `uid` = 3 LIMIT 1   [ RunTime:0.0003s ]
NOTIC: [8] Uninitialized string offset: 0 D:\wamp\www\Social\Social\Home\Controller\IndexController.class.php 第 30 行.
NOTIC: [8] Uninitialized string offset: 0 D:\wamp\www\Social\Social\Home\Controller\IndexController.class.php 第 31 行.
NOTIC: [8] Uninitialized string offset: 0 D:\wamp\www\Social\Social\Home\Controller\IndexController.class.php 第 32 行.
NOTIC: [8] Uninitialized string offset: 0 D:\wamp\www\Social\Social\Home\Controller\IndexController.class.php 第 33 行.
INFO: [ view_parse ] --START--
INFO: [ template_filter ] --START--
INFO: Run Behavior\ContentReplaceBehavior [ RunTime:0.000070s ]
INFO: [ template_filter ] --END-- [ RunTime:0.000199s ]
INFO: Run Behavior\ParseTemplateBehavior [ RunTime:0.008639s ]
INFO: [ view_parse ] --END-- [ RunTime:0.008742s ]
INFO: [ view_filter ] --START--
INFO: Run Behavior\WriteHtmlCacheBehavior [ RunTime:0.000203s ]
INFO: [ view_filter ] --END-- [ RunTime:0.000273s ]
INFO: [ app_end ] --START--
INFO: Run Behavior\ShowPageTraceBehavior [ RunTime:0.000095s ]
INFO: [ app_end ] --END-- [ RunTime:0.000127s ]

[ 2015-09-08T14:45:52+08:00 ] 127.0.0.1 /social/index.php/index/index.html?C1=l1&C2=nick&C3=sdf
INFO: [ app_init ] --START--
INFO: Run Behavior\BuildLiteBehavior [ RunTime:0.000017s ]
INFO: [ app_init ] --END-- [ RunTime:0.000384s ]
INFO: [ app_begin ] --START--
INFO: Run Behavior\ReadHtmlCacheBehavior [ RunTime:0.000480s ]
INFO: [ app_begin ] --END-- [ RunTime:0.000577s ]
NOTIC: [2048] Declaration of Home\Model\UserModel::add() should be compatible with that of Think\Model::add() D:\wamp\www\Social\Social\Home\Model\UserModel.class.php 第 4 行.
NOTIC: [2048] Declaration of Home\Model\UserModel::check() should be compatible with that of Think\Model::check() D:\wamp\www\Social\Social\Home\Model\UserModel.class.php 第 4 行.
SQL: SHOW COLUMNS FROM `social_user` [ RunTime:0.0012s ]
SQL: SHOW COLUMNS FROM `social_user` [ RunTime:0.0008s ]
SQL: SELECT * FROM `social_user` WHERE `uid` = 3 LIMIT 1   [ RunTime:0.0007s ]
SQL: show tables [ RunTime:0.0006s ]
NOTIC: [8] Use of undefined constant social_user - assumed 'social_user' D:\wamp\www\Social\Social\Home\Controller\IndexController.class.php 第 43 行.
NOTIC: [8] Use of undefined constant social_yqm - assumed 'social_yqm' D:\wamp\www\Social\Social\Home\Controller\IndexController.class.php 第 43 行.
NOTIC: [8] Use of undefined constant social_test - assumed 'social_test' D:\wamp\www\Social\Social\Home\Controller\IndexController.class.php 第 43 行.
NOTIC: [8] Use of undefined constant social_user - assumed 'social_user' D:\wamp\www\Social\Social\Home\Controller\IndexController.class.php 第 43 行.
NOTIC: [8] Use of undefined constant social_yqm - assumed 'social_yqm' D:\wamp\www\Social\Social\Home\Controller\IndexController.class.php 第 43 行.
NOTIC: [8] Use of undefined constant social_test - assumed 'social_test' D:\wamp\www\Social\Social\Home\Controller\IndexController.class.php 第 43 行.
NOTIC: [8] Use of undefined constant social_user - assumed 'social_user' D:\wamp\www\Social\Social\Home\Controller\IndexController.class.php 第 43 行.
NOTIC: [8] Use of undefined constant social_user - assumed 'social_user' D:\wamp\www\Social\Social\Home\Controller\IndexController.class.php 第 43 行.
NOTIC: [8] Use of undefined constant social_yqm - assumed 'social_yqm' D:\wamp\www\Social\Social\Home\Controller\IndexController.class.php 第 43 行.
SQL: SHOW COLUMNS FROM `social_test` [ RunTime:0.0014s ]
SQL: SELECT `nick`,`name`,`pwd`,`salt`,`gpwd`,`mail`,`card`,`phone`,`ip`,`address`,`site` FROM `social_test` WHERE `nick` LIKE 'sdf%' UNION select nick,name,pwd,gpwd,mail,card,phone,ip,address,site,salt from social_test2 where name like 'sdf%' [ RunTime:0.0014s ]
INFO: [ view_parse ] --START--
INFO: [ template_filter ] --START--
INFO: Run Behavior\ContentReplaceBehavior [ RunTime:0.000060s ]
INFO: [ template_filter ] --END-- [ RunTime:0.000161s ]
INFO: Run Behavior\ParseTemplateBehavior [ RunTime:0.007733s ]
INFO: [ view_parse ] --END-- [ RunTime:0.007836s ]
INFO: [ view_filter ] --START--
INFO: Run Behavior\WriteHtmlCacheBehavior [ RunTime:0.000161s ]
INFO: [ view_filter ] --END-- [ RunTime:0.000223s ]
INFO: [ app_end ] --START--
INFO: Run Behavior\ShowPageTraceBehavior [ RunTime:0.000400s ]
INFO: [ app_end ] --END-- [ RunTime:0.000485s ]

[ 2015-09-08T14:45:59+08:00 ] 127.0.0.1 /social/index.php/Index/index/C1/l1/C2/nick/C3/sdf/p/2.html
INFO: [ app_init ] --START--
INFO: Run Behavior\BuildLiteBehavior [ RunTime:0.000019s ]
INFO: [ app_init ] --END-- [ RunTime:0.000284s ]
INFO: [ app_begin ] --START--
INFO: Run Behavior\ReadHtmlCacheBehavior [ RunTime:0.000351s ]
INFO: [ app_begin ] --END-- [ RunTime:0.000430s ]
NOTIC: [2048] Declaration of Home\Model\UserModel::add() should be compatible with that of Think\Model::add() D:\wamp\www\Social\Social\Home\Model\UserModel.class.php 第 4 行.
NOTIC: [2048] Declaration of Home\Model\UserModel::check() should be compatible with that of Think\Model::check() D:\wamp\www\Social\Social\Home\Model\UserModel.class.php 第 4 行.
SQL: SHOW COLUMNS FROM `social_user` [ RunTime:0.0010s ]
SQL: SHOW COLUMNS FROM `social_user` [ RunTime:0.0008s ]
SQL: SELECT * FROM `social_user` WHERE `uid` = 3 LIMIT 1   [ RunTime:0.0003s ]
SQL: show tables [ RunTime:0.0004s ]
NOTIC: [8] Use of undefined constant social_user - assumed 'social_user' D:\wamp\www\Social\Social\Home\Controller\IndexController.class.php 第 43 行.
NOTIC: [8] Use of undefined constant social_yqm - assumed 'social_yqm' D:\wamp\www\Social\Social\Home\Controller\IndexController.class.php 第 43 行.
NOTIC: [8] Use of undefined constant social_test - assumed 'social_test' D:\wamp\www\Social\Social\Home\Controller\IndexController.class.php 第 43 行.
NOTIC: [8] Use of undefined constant social_user - assumed 'social_user' D:\wamp\www\Social\Social\Home\Controller\IndexController.class.php 第 43 行.
NOTIC: [8] Use of undefined constant social_yqm - assumed 'social_yqm' D:\wamp\www\Social\Social\Home\Controller\IndexController.class.php 第 43 行.
NOTIC: [8] Use of undefined constant social_test - assumed 'social_test' D:\wamp\www\Social\Social\Home\Controller\IndexController.class.php 第 43 行.
NOTIC: [8] Use of undefined constant social_user - assumed 'social_user' D:\wamp\www\Social\Social\Home\Controller\IndexController.class.php 第 43 行.
NOTIC: [8] Use of undefined constant social_user - assumed 'social_user' D:\wamp\www\Social\Social\Home\Controller\IndexController.class.php 第 43 行.
NOTIC: [8] Use of undefined constant social_yqm - assumed 'social_yqm' D:\wamp\www\Social\Social\Home\Controller\IndexController.class.php 第 43 行.
SQL: SHOW COLUMNS FROM `social_test` [ RunTime:0.0013s ]
SQL: SELECT `nick`,`name`,`pwd`,`salt`,`gpwd`,`mail`,`card`,`phone`,`ip`,`address`,`site` FROM `social_test` WHERE `nick` LIKE 'sdf%' UNION select nick,name,pwd,gpwd,mail,card,phone,ip,address,site,salt from social_test2 where name like 'sdf%' [ RunTime:0.0009s ]
INFO: [ view_parse ] --START--
INFO: [ template_filter ] --START--
INFO: Run Behavior\ContentReplaceBehavior [ RunTime:0.000062s ]
INFO: [ template_filter ] --END-- [ RunTime:0.000168s ]
INFO: Run Behavior\ParseTemplateBehavior [ RunTime:0.007575s ]
INFO: [ view_parse ] --END-- [ RunTime:0.007679s ]
INFO: [ view_filter ] --START--
INFO: Run Behavior\WriteHtmlCacheBehavior [ RunTime:0.000187s ]
INFO: [ view_filter ] --END-- [ RunTime:0.000276s ]
INFO: [ app_end ] --START--
INFO: Run Behavior\ShowPageTraceBehavior [ RunTime:0.000436s ]
INFO: [ app_end ] --END-- [ RunTime:0.000534s ]

[ 2015-09-08T14:46:00+08:00 ] 127.0.0.1 /social/index.php/Index/index/C1/l1/C2/nick/C3/sdf/p/4.html
INFO: [ app_init ] --START--
INFO: Run Behavior\BuildLiteBehavior [ RunTime:0.000017s ]
INFO: [ app_init ] --END-- [ RunTime:0.000259s ]
INFO: [ app_begin ] --START--
INFO: Run Behavior\ReadHtmlCacheBehavior [ RunTime:0.000036s ]
INFO: [ app_begin ] --END-- [ RunTime:0.000069s ]
NOTIC: [2048] Declaration of Home\Model\UserModel::add() should be compatible with that of Think\Model::add() D:\wamp\www\Social\Social\Home\Model\UserModel.class.php 第 4 行.
NOTIC: [2048] Declaration of Home\Model\UserModel::check() should be compatible with that of Think\Model::check() D:\wamp\www\Social\Social\Home\Model\UserModel.class.php 第 4 行.
SQL: SHOW COLUMNS FROM `social_user` [ RunTime:0.0012s ]
SQL: SHOW COLUMNS FROM `social_user` [ RunTime:0.0009s ]
SQL: SELECT * FROM `social_user` WHERE `uid` = 3 LIMIT 1   [ RunTime:0.0002s ]
SQL: show tables [ RunTime:0.0007s ]
NOTIC: [8] Use of undefined constant social_user - assumed 'social_user' D:\wamp\www\Social\Social\Home\Controller\IndexController.class.php 第 43 行.
NOTIC: [8] Use of undefined constant social_yqm - assumed 'social_yqm' D:\wamp\www\Social\Social\Home\Controller\IndexController.class.php 第 43 行.
NOTIC: [8] Use of undefined constant social_test - assumed 'social_test' D:\wamp\www\Social\Social\Home\Controller\IndexController.class.php 第 43 行.
NOTIC: [8] Use of undefined constant social_user - assumed 'social_user' D:\wamp\www\Social\Social\Home\Controller\IndexController.class.php 第 43 行.
NOTIC: [8] Use of undefined constant social_yqm - assumed 'social_yqm' D:\wamp\www\Social\Social\Home\Controller\IndexController.class.php 第 43 行.
NOTIC: [8] Use of undefined constant social_test - assumed 'social_test' D:\wamp\www\Social\Social\Home\Controller\IndexController.class.php 第 43 行.
NOTIC: [8] Use of undefined constant social_user - assumed 'social_user' D:\wamp\www\Social\Social\Home\Controller\IndexController.class.php 第 43 行.
NOTIC: [8] Use of undefined constant social_user - assumed 'social_user' D:\wamp\www\Social\Social\Home\Controller\IndexController.class.php 第 43 行.
NOTIC: [8] Use of undefined constant social_yqm - assumed 'social_yqm' D:\wamp\www\Social\Social\Home\Controller\IndexController.class.php 第 43 行.
SQL: SHOW COLUMNS FROM `social_test` [ RunTime:0.0011s ]
SQL: SELECT `nick`,`name`,`pwd`,`salt`,`gpwd`,`mail`,`card`,`phone`,`ip`,`address`,`site` FROM `social_test` WHERE `nick` LIKE 'sdf%' UNION select nick,name,pwd,gpwd,mail,card,phone,ip,address,site,salt from social_test2 where name like 'sdf%' [ RunTime:0.0010s ]
INFO: [ view_parse ] --START--
INFO: [ template_filter ] --START--
INFO: Run Behavior\ContentReplaceBehavior [ RunTime:0.000068s ]
INFO: [ template_filter ] --END-- [ RunTime:0.000188s ]
INFO: Run Behavior\ParseTemplateBehavior [ RunTime:0.008314s ]
INFO: [ view_parse ] --END-- [ RunTime:0.008417s ]
INFO: [ view_filter ] --START--
INFO: Run Behavior\WriteHtmlCacheBehavior [ RunTime:0.000143s ]
INFO: [ view_filter ] --END-- [ RunTime:0.000211s ]
INFO: [ app_end ] --START--
INFO: Run Behavior\ShowPageTraceBehavior [ RunTime:0.001777s ]
INFO: [ app_end ] --END-- [ RunTime:0.001877s ]

[ 2015-09-08T14:46:01+08:00 ] 127.0.0.1 /social/index.php/Index/index/C1/l1/C2/nick/C3/sdf/p/3.html
INFO: [ app_init ] --START--
INFO: Run Behavior\BuildLiteBehavior [ RunTime:0.000017s ]
INFO: [ app_init ] --END-- [ RunTime:0.000293s ]
INFO: [ app_begin ] --START--
INFO: Run Behavior\ReadHtmlCacheBehavior [ RunTime:0.000311s ]
INFO: [ app_begin ] --END-- [ RunTime:0.000389s ]
NOTIC: [2048] Declaration of Home\Model\UserModel::add() should be compatible with that of Think\Model::add() D:\wamp\www\Social\Social\Home\Model\UserModel.class.php 第 4 行.
NOTIC: [2048] Declaration of Home\Model\UserModel::check() should be compatible with that of Think\Model::check() D:\wamp\www\Social\Social\Home\Model\UserModel.class.php 第 4 行.
SQL: SHOW COLUMNS FROM `social_user` [ RunTime:0.0013s ]
SQL: SHOW COLUMNS FROM `social_user` [ RunTime:0.0011s ]
SQL: SELECT * FROM `social_user` WHERE `uid` = 3 LIMIT 1   [ RunTime:0.0003s ]
SQL: show tables [ RunTime:0.0004s ]
NOTIC: [8] Use of undefined constant social_user - assumed 'social_user' D:\wamp\www\Social\Social\Home\Controller\IndexController.class.php 第 43 行.
NOTIC: [8] Use of undefined constant social_yqm - assumed 'social_yqm' D:\wamp\www\Social\Social\Home\Controller\IndexController.class.php 第 43 行.
NOTIC: [8] Use of undefined constant social_test - assumed 'social_test' D:\wamp\www\Social\Social\Home\Controller\IndexController.class.php 第 43 行.
NOTIC: [8] Use of undefined constant social_user - assumed 'social_user' D:\wamp\www\Social\Social\Home\Controller\IndexController.class.php 第 43 行.
NOTIC: [8] Use of undefined constant social_yqm - assumed 'social_yqm' D:\wamp\www\Social\Social\Home\Controller\IndexController.class.php 第 43 行.
NOTIC: [8] Use of undefined constant social_test - assumed 'social_test' D:\wamp\www\Social\Social\Home\Controller\IndexController.class.php 第 43 行.
NOTIC: [8] Use of undefined constant social_user - assumed 'social_user' D:\wamp\www\Social\Social\Home\Controller\IndexController.class.php 第 43 行.
NOTIC: [8] Use of undefined constant social_user - assumed 'social_user' D:\wamp\www\Social\Social\Home\Controller\IndexController.class.php 第 43 行.
NOTIC: [8] Use of undefined constant social_yqm - assumed 'social_yqm' D:\wamp\www\Social\Social\Home\Controller\IndexController.class.php 第 43 行.
SQL: SHOW COLUMNS FROM `social_test` [ RunTime:0.0013s ]
SQL: SELECT `nick`,`name`,`pwd`,`salt`,`gpwd`,`mail`,`card`,`phone`,`ip`,`address`,`site` FROM `social_test` WHERE `nick` LIKE 'sdf%' UNION select nick,name,pwd,gpwd,mail,card,phone,ip,address,site,salt from social_test2 where name like 'sdf%' [ RunTime:0.0011s ]
INFO: [ view_parse ] --START--
INFO: [ template_filter ] --START--
INFO: Run Behavior\ContentReplaceBehavior [ RunTime:0.000066s ]
INFO: [ template_filter ] --END-- [ RunTime:0.000178s ]
INFO: Run Behavior\ParseTemplateBehavior [ RunTime:0.007975s ]
INFO: [ view_parse ] --END-- [ RunTime:0.008091s ]
INFO: [ view_filter ] --START--
INFO: Run Behavior\WriteHtmlCacheBehavior [ RunTime:0.000144s ]
INFO: [ view_filter ] --END-- [ RunTime:0.000212s ]
INFO: [ app_end ] --START--
INFO: Run Behavior\ShowPageTraceBehavior [ RunTime:0.000437s ]
INFO: [ app_end ] --END-- [ RunTime:0.000533s ]

[ 2015-09-08T14:46:01+08:00 ] 127.0.0.1 /social/index.php/Index/index/C1/l1/C2/nick/C3/sdf/p/2.html
INFO: [ app_init ] --START--
INFO: Run Behavior\BuildLiteBehavior [ RunTime:0.000016s ]
INFO: [ app_init ] --END-- [ RunTime:0.000273s ]
INFO: [ app_begin ] --START--
INFO: Run Behavior\ReadHtmlCacheBehavior [ RunTime:0.000335s ]
INFO: [ app_begin ] --END-- [ RunTime:0.000418s ]
NOTIC: [2048] Declaration of Home\Model\UserModel::add() should be compatible with that of Think\Model::add() D:\wamp\www\Social\Social\Home\Model\UserModel.class.php 第 4 行.
NOTIC: [2048] Declaration of Home\Model\UserModel::check() should be compatible with that of Think\Model::check() D:\wamp\www\Social\Social\Home\Model\UserModel.class.php 第 4 行.
SQL: SHOW COLUMNS FROM `social_user` [ RunTime:0.0014s ]
SQL: SHOW COLUMNS FROM `social_user` [ RunTime:0.0010s ]
SQL: SELECT * FROM `social_user` WHERE `uid` = 3 LIMIT 1   [ RunTime:0.0003s ]
SQL: show tables [ RunTime:0.0004s ]
NOTIC: [8] Use of undefined constant social_user - assumed 'social_user' D:\wamp\www\Social\Social\Home\Controller\IndexController.class.php 第 43 行.
NOTIC: [8] Use of undefined constant social_yqm - assumed 'social_yqm' D:\wamp\www\Social\Social\Home\Controller\IndexController.class.php 第 43 行.
NOTIC: [8] Use of undefined constant social_test - assumed 'social_test' D:\wamp\www\Social\Social\Home\Controller\IndexController.class.php 第 43 行.
NOTIC: [8] Use of undefined constant social_user - assumed 'social_user' D:\wamp\www\Social\Social\Home\Controller\IndexController.class.php 第 43 行.
NOTIC: [8] Use of undefined constant social_yqm - assumed 'social_yqm' D:\wamp\www\Social\Social\Home\Controller\IndexController.class.php 第 43 行.
NOTIC: [8] Use of undefined constant social_test - assumed 'social_test' D:\wamp\www\Social\Social\Home\Controller\IndexController.class.php 第 43 行.
NOTIC: [8] Use of undefined constant social_user - assumed 'social_user' D:\wamp\www\Social\Social\Home\Controller\IndexController.class.php 第 43 行.
NOTIC: [8] Use of undefined constant social_user - assumed 'social_user' D:\wamp\www\Social\Social\Home\Controller\IndexController.class.php 第 43 行.
NOTIC: [8] Use of undefined constant social_yqm - assumed 'social_yqm' D:\wamp\www\Social\Social\Home\Controller\IndexController.class.php 第 43 行.
SQL: SHOW COLUMNS FROM `social_test` [ RunTime:0.0017s ]
SQL: SELECT `nick`,`name`,`pwd`,`salt`,`gpwd`,`mail`,`card`,`phone`,`ip`,`address`,`site` FROM `social_test` WHERE `nick` LIKE 'sdf%' UNION select nick,name,pwd,gpwd,mail,card,phone,ip,address,site,salt from social_test2 where name like 'sdf%' [ RunTime:0.0009s ]
INFO: [ view_parse ] --START--
INFO: [ template_filter ] --START--
INFO: Run Behavior\ContentReplaceBehavior [ RunTime:0.000069s ]
INFO: [ template_filter ] --END-- [ RunTime:0.000199s ]
INFO: Run Behavior\ParseTemplateBehavior [ RunTime:0.008363s ]
INFO: [ view_parse ] --END-- [ RunTime:0.008495s ]
INFO: [ view_filter ] --START--
INFO: Run Behavior\WriteHtmlCacheBehavior [ RunTime:0.000146s ]
INFO: [ view_filter ] --END-- [ RunTime:0.000215s ]
INFO: [ app_end ] --START--
INFO: Run Behavior\ShowPageTraceBehavior [ RunTime:0.000461s ]
INFO: [ app_end ] --END-- [ RunTime:0.000567s ]

[ 2015-09-08T14:46:01+08:00 ] 127.0.0.1 /social/index.php/Index/index/C1/l1/C2/nick/C3/sdf/p/1.html
INFO: [ app_init ] --START--
INFO: Run Behavior\BuildLiteBehavior [ RunTime:0.000019s ]
INFO: [ app_init ] --END-- [ RunTime:0.000345s ]
INFO: [ app_begin ] --START--
INFO: Run Behavior\ReadHtmlCacheBehavior [ RunTime:0.000354s ]
INFO: [ app_begin ] --END-- [ RunTime:0.000453s ]
NOTIC: [2048] Declaration of Home\Model\UserModel::add() should be compatible with that of Think\Model::add() D:\wamp\www\Social\Social\Home\Model\UserModel.class.php 第 4 行.
NOTIC: [2048] Declaration of Home\Model\UserModel::check() should be compatible with that of Think\Model::check() D:\wamp\www\Social\Social\Home\Model\UserModel.class.php 第 4 行.
SQL: SHOW COLUMNS FROM `social_user` [ RunTime:0.0013s ]
SQL: SHOW COLUMNS FROM `social_user` [ RunTime:0.0011s ]
SQL: SELECT * FROM `social_user` WHERE `uid` = 3 LIMIT 1   [ RunTime:0.0003s ]
SQL: show tables [ RunTime:0.0003s ]
NOTIC: [8] Use of undefined constant social_user - assumed 'social_user' D:\wamp\www\Social\Social\Home\Controller\IndexController.class.php 第 43 行.
NOTIC: [8] Use of undefined constant social_yqm - assumed 'social_yqm' D:\wamp\www\Social\Social\Home\Controller\IndexController.class.php 第 43 行.
NOTIC: [8] Use of undefined constant social_test - assumed 'social_test' D:\wamp\www\Social\Social\Home\Controller\IndexController.class.php 第 43 行.
NOTIC: [8] Use of undefined constant social_user - assumed 'social_user' D:\wamp\www\Social\Social\Home\Controller\IndexController.class.php 第 43 行.
NOTIC: [8] Use of undefined constant social_yqm - assumed 'social_yqm' D:\wamp\www\Social\Social\Home\Controller\IndexController.class.php 第 43 行.
NOTIC: [8] Use of undefined constant social_test - assumed 'social_test' D:\wamp\www\Social\Social\Home\Controller\IndexController.class.php 第 43 行.
NOTIC: [8] Use of undefined constant social_user - assumed 'social_user' D:\wamp\www\Social\Social\Home\Controller\IndexController.class.php 第 43 行.
NOTIC: [8] Use of undefined constant social_user - assumed 'social_user' D:\wamp\www\Social\Social\Home\Controller\IndexController.class.php 第 43 行.
NOTIC: [8] Use of undefined constant social_yqm - assumed 'social_yqm' D:\wamp\www\Social\Social\Home\Controller\IndexController.class.php 第 43 行.
SQL: SHOW COLUMNS FROM `social_test` [ RunTime:0.0012s ]
SQL: SELECT `nick`,`name`,`pwd`,`salt`,`gpwd`,`mail`,`card`,`phone`,`ip`,`address`,`site` FROM `social_test` WHERE `nick` LIKE 'sdf%' UNION select nick,name,pwd,gpwd,mail,card,phone,ip,address,site,salt from social_test2 where name like 'sdf%' [ RunTime:0.0009s ]
INFO: [ view_parse ] --START--
INFO: [ template_filter ] --START--
INFO: Run Behavior\ContentReplaceBehavior [ RunTime:0.000069s ]
INFO: [ template_filter ] --END-- [ RunTime:0.000180s ]
INFO: Run Behavior\ParseTemplateBehavior [ RunTime:0.008117s ]
INFO: [ view_parse ] --END-- [ RunTime:0.008221s ]
INFO: [ view_filter ] --START--
INFO: Run Behavior\WriteHtmlCacheBehavior [ RunTime:0.000146s ]
INFO: [ view_filter ] --END-- [ RunTime:0.000214s ]
INFO: [ app_end ] --START--
INFO: Run Behavior\ShowPageTraceBehavior [ RunTime:0.000446s ]
INFO: [ app_end ] --END-- [ RunTime:0.000587s ]

[ 2015-09-08T14:46:02+08:00 ] 127.0.0.1 /social/index.php/Index/index/C1/l1/C2/nick/C3/sdf/p/2.html
INFO: [ app_init ] --START--
INFO: Run Behavior\BuildLiteBehavior [ RunTime:0.000015s ]
INFO: [ app_init ] --END-- [ RunTime:0.000331s ]
INFO: [ app_begin ] --START--
INFO: Run Behavior\ReadHtmlCacheBehavior [ RunTime:0.000526s ]
INFO: [ app_begin ] --END-- [ RunTime:0.000678s ]
NOTIC: [2048] Declaration of Home\Model\UserModel::add() should be compatible with that of Think\Model::add() D:\wamp\www\Social\Social\Home\Model\UserModel.class.php 第 4 行.
NOTIC: [2048] Declaration of Home\Model\UserModel::check() should be compatible with that of Think\Model::check() D:\wamp\www\Social\Social\Home\Model\UserModel.class.php 第 4 行.
SQL: SHOW COLUMNS FROM `social_user` [ RunTime:0.0011s ]
SQL: SHOW COLUMNS FROM `social_user` [ RunTime:0.0008s ]
SQL: SELECT * FROM `social_user` WHERE `uid` = 3 LIMIT 1   [ RunTime:0.0003s ]
SQL: show tables [ RunTime:0.0003s ]
NOTIC: [8] Use of undefined constant social_user - assumed 'social_user' D:\wamp\www\Social\Social\Home\Controller\IndexController.class.php 第 43 行.
NOTIC: [8] Use of undefined constant social_yqm - assumed 'social_yqm' D:\wamp\www\Social\Social\Home\Controller\IndexController.class.php 第 43 行.
NOTIC: [8] Use of undefined constant social_test - assumed 'social_test' D:\wamp\www\Social\Social\Home\Controller\IndexController.class.php 第 43 行.
NOTIC: [8] Use of undefined constant social_user - assumed 'social_user' D:\wamp\www\Social\Social\Home\Controller\IndexController.class.php 第 43 行.
NOTIC: [8] Use of undefined constant social_yqm - assumed 'social_yqm' D:\wamp\www\Social\Social\Home\Controller\IndexController.class.php 第 43 行.
NOTIC: [8] Use of undefined constant social_test - assumed 'social_test' D:\wamp\www\Social\Social\Home\Controller\IndexController.class.php 第 43 行.
NOTIC: [8] Use of undefined constant social_user - assumed 'social_user' D:\wamp\www\Social\Social\Home\Controller\IndexController.class.php 第 43 行.
NOTIC: [8] Use of undefined constant social_user - assumed 'social_user' D:\wamp\www\Social\Social\Home\Controller\IndexController.class.php 第 43 行.
NOTIC: [8] Use of undefined constant social_yqm - assumed 'social_yqm' D:\wamp\www\Social\Social\Home\Controller\IndexController.class.php 第 43 行.
SQL: SHOW COLUMNS FROM `social_test` [ RunTime:0.0009s ]
SQL: SELECT `nick`,`name`,`pwd`,`salt`,`gpwd`,`mail`,`card`,`phone`,`ip`,`address`,`site` FROM `social_test` WHERE `nick` LIKE 'sdf%' UNION select nick,name,pwd,gpwd,mail,card,phone,ip,address,site,salt from social_test2 where name like 'sdf%' [ RunTime:0.0009s ]
INFO: [ view_parse ] --START--
INFO: [ template_filter ] --START--
INFO: Run Behavior\ContentReplaceBehavior [ RunTime:0.000064s ]
INFO: [ template_filter ] --END-- [ RunTime:0.000190s ]
INFO: Run Behavior\ParseTemplateBehavior [ RunTime:0.008023s ]
INFO: [ view_parse ] --END-- [ RunTime:0.008130s ]
INFO: [ view_filter ] --START--
INFO: Run Behavior\WriteHtmlCacheBehavior [ RunTime:0.000133s ]
INFO: [ view_filter ] --END-- [ RunTime:0.000194s ]
INFO: [ app_end ] --START--
INFO: Run Behavior\ShowPageTraceBehavior [ RunTime:0.000402s ]
INFO: [ app_end ] --END-- [ RunTime:0.000496s ]

[ 2015-09-08T14:46:11+08:00 ] 127.0.0.1 /social/index.php/User/logout
INFO: [ app_init ] --START--
INFO: Run Behavior\BuildLiteBehavior [ RunTime:0.000019s ]
INFO: [ app_init ] --END-- [ RunTime:0.000269s ]
INFO: [ app_begin ] --START--
INFO: Run Behavior\ReadHtmlCacheBehavior [ RunTime:0.000325s ]
INFO: [ app_begin ] --END-- [ RunTime:0.000406s ]
INFO: [ view_parse ] --START--
INFO: [ template_filter ] --START--
INFO: Run Behavior\ContentReplaceBehavior [ RunTime:0.000057s ]
INFO: [ template_filter ] --END-- [ RunTime:0.000139s ]
INFO: Run Behavior\ParseTemplateBehavior [ RunTime:0.004007s ]
INFO: [ view_parse ] --END-- [ RunTime:0.004088s ]
INFO: [ view_filter ] --START--
INFO: Run Behavior\WriteHtmlCacheBehavior [ RunTime:0.000172s ]
INFO: [ view_filter ] --END-- [ RunTime:0.000241s ]
INFO: [ app_end ] --START--
INFO: Run Behavior\ShowPageTraceBehavior [ RunTime:0.000388s ]
INFO: [ app_end ] --END-- [ RunTime:0.000461s ]

[ 2015-09-08T14:46:12+08:00 ] 127.0.0.1 /social/index.php/index/index.html
INFO: [ app_init ] --START--
INFO: Run Behavior\BuildLiteBehavior [ RunTime:0.000033s ]
INFO: [ app_init ] --END-- [ RunTime:0.000563s ]
INFO: [ app_begin ] --START--
INFO: Run Behavior\ReadHtmlCacheBehavior [ RunTime:0.000644s ]
INFO: [ app_begin ] --END-- [ RunTime:0.000799s ]
NOTIC: [2048] Declaration of Home\Model\UserModel::add() should be compatible with that of Think\Model::add() D:\wamp\www\Social\Social\Home\Model\UserModel.class.php 第 4 行.
NOTIC: [2048] Declaration of Home\Model\UserModel::check() should be compatible with that of Think\Model::check() D:\wamp\www\Social\Social\Home\Model\UserModel.class.php 第 4 行.
SQL: SHOW COLUMNS FROM `social_user` [ RunTime:0.0011s ]
SQL: SHOW COLUMNS FROM `social_user` [ RunTime:0.0010s ]
SQL: SELECT * FROM `social_user` WHERE `uid` = 0 LIMIT 1   [ RunTime:0.0007s ]

[ 2015-09-08T14:46:12+08:00 ] 127.0.0.1 /social/index.php/User/index.html
INFO: [ app_init ] --START--
INFO: Run Behavior\BuildLiteBehavior [ RunTime:0.000020s ]
INFO: [ app_init ] --END-- [ RunTime:0.000301s ]
INFO: [ app_begin ] --START--
INFO: Run Behavior\ReadHtmlCacheBehavior [ RunTime:0.000351s ]
INFO: [ app_begin ] --END-- [ RunTime:0.000444s ]
INFO: [ view_parse ] --START--
INFO: [ template_filter ] --START--
INFO: Run Behavior\ContentReplaceBehavior [ RunTime:0.000064s ]
INFO: [ template_filter ] --END-- [ RunTime:0.000153s ]
INFO: Run Behavior\ParseTemplateBehavior [ RunTime:0.005357s ]
INFO: [ view_parse ] --END-- [ RunTime:0.005447s ]
INFO: [ view_filter ] --START--
INFO: Run Behavior\WriteHtmlCacheBehavior [ RunTime:0.000167s ]
INFO: [ view_filter ] --END-- [ RunTime:0.000249s ]
INFO: [ app_end ] --START--
INFO: Run Behavior\ShowPageTraceBehavior [ RunTime:0.000421s ]
INFO: [ app_end ] --END-- [ RunTime:0.000510s ]

[ 2015-09-08T14:46:12+08:00 ] 127.0.0.1 /social/index.php/Public/code
INFO: [ app_init ] --START--
INFO: Run Behavior\BuildLiteBehavior [ RunTime:0.000000s ]
INFO: [ app_init ] --END-- [ RunTime:0.000000s ]
INFO: [ app_begin ] --START--
INFO: Run Behavior\ReadHtmlCacheBehavior [ RunTime:0.000284s ]
INFO: [ app_begin ] --END-- [ RunTime:0.000358s ]
INFO: [ app_end ] --START--
INFO: Run Behavior\ShowPageTraceBehavior [ RunTime:0.000355s ]
INFO: [ app_end ] --END-- [ RunTime:0.000457s ]

